0001_0640_0508_0113_0113.jpg 1 640 508 113 113
0002_0454_0205_0381_0381.jpg 1 454 205 381 381
0003_0478_0253_0331_0331.jpg 1 478 253 331 331
0004_0729_0412_0039_0039.jpg 1 729 412 39 39
0005_0586_0344_0216_0216.jpg 1 586 344 216 216
0006_0598_0063_0268_0268.jpg 1 598 63 268 268
0007_0177_0220_0471_0471.jpg 1 177 220 471 471
0008_0102_0118_0224_0224.jpg 1 102 118 224 224
0009_0362_0365_0080_0080.jpg 1 362 365 80 80
0010_0239_0419_0167_0167.jpg 1 239 419 167 167
0011_0116_0287_0398_0398.jpg 1 116 287 398 398
0012_0546_0356_0204_0204.jpg 1 546 356 204 204
0013_0571_0464_0115_0115.jpg 1 571 464 115 115
0014_0188_0275_0058_0058.jpg 1 188 275 58 58
0015_0204_0159_0102_0102.jpg 1 204 159 102 102
0016_0357_0205_0226_0226.jpg 1 357 205 226 226
0017_0594_0371_0095_0095.jpg 1 594 371 95 95
0018_0643_0372_0174_0174.jpg 1 643 372 174 174
0019_0304_0273_0074_0074.jpg 1 304 273 74 74
0020_0430_0166_0444_0444.jpg 1 430 166 444 444
